[debug] [2020-09-22T16:06:04.890Z] ----------------------------------------------------------------------
[debug] [2020-09-22T16:06:04.892Z] Command:       /usr/local/lib/node_modules/firebase-tools/lib/bin/firebase.js /Users/bagui/.cache/firebase/tools/lib/node_modules/firebase-tools/lib/bin/firebase deploy
[debug] [2020-09-22T16:06:04.892Z] CLI Version:   8.7.0
[debug] [2020-09-22T16:06:04.892Z] Platform:      darwin
[debug] [2020-09-22T16:06:04.892Z] Node Version:  v12.18.1
[debug] [2020-09-22T16:06:04.901Z] Time:          Tue Sep 22 2020 18:06:04 GMT+0200 (GMT+02:00)
[debug] [2020-09-22T16:06:04.902Z] ----------------------------------------------------------------------
[debug] [2020-09-22T16:06:04.902Z] 
[debug] [2020-09-22T16:06:04.915Z] > command requires scopes: ["email","openid","https://www.googleapis.com/auth/cloudplatformprojects.readonly","https://www.googleapis.com/auth/firebase","https://www.googleapis.com/auth/cloud-platform"]
[debug] [2020-09-22T16:06:04.916Z] > authorizing via signed-in user
[debug] [2020-09-22T16:06:04.916Z] [iam] checking project baguisocial-a0831 for permissions ["firebase.projects.get","firebasehosting.sites.update"]
[debug] [2020-09-22T16:06:04.918Z] > refreshing access token with scopes: ["email","https://www.googleapis.com/auth/cloud-platform","https://www.googleapis.com/auth/cloudplatformprojects.readonly","https://www.googleapis.com/auth/firebase","openid"]
[debug] [2020-09-22T16:06:04.918Z] >>> HTTP REQUEST POST https://www.googleapis.com/oauth2/v3/token  
 <request body omitted>
[debug] [2020-09-22T16:06:04.931Z] [iam] error while checking permissions, command may fail: FirebaseError: Authentication Error: Your credentials are no longer valid. Please run firebase login --reauth

For CI servers and headless environments, generate a new token with firebase login:ci
[debug] [2020-09-22T16:06:04.932Z] > refreshing access token with scopes: ["email","https://www.googleapis.com/auth/cloud-platform","https://www.googleapis.com/auth/cloudplatformprojects.readonly","https://www.googleapis.com/auth/firebase","openid"]
[debug] [2020-09-22T16:06:04.932Z] >>> HTTP REQUEST POST https://www.googleapis.com/oauth2/v3/token  
 <request body omitted>
[debug] [2020-09-22T16:06:04.935Z] Authentication Error: Your credentials are no longer valid. Please run firebase login --reauth

For CI servers and headless environments, generate a new token with firebase login:ci
[debug] [2020-09-22T16:06:04.941Z] FirebaseError: Authentication Error: Your credentials are no longer valid. Please run firebase login --reauth

For CI servers and headless environments, generate a new token with firebase login:ci
    at Object.<anonymous> (/Users/bagui/.cache/firebase/tools/lib/node_modules/firebase-tools/lib/auth.js:23:32)
    at Module._compile (internal/modules/cjs/loader.js:1136:30)
    at Module._compile (pkg/prelude/bootstrap.js:1281:32)
    at Object.Module._extensions..js (internal/modules/cjs/loader.js:1156:10)
    at Module.load (internal/modules/cjs/loader.js:984:32)
    at Function.Module._load (internal/modules/cjs/loader.js:877:14)
    at Module.require (internal/modules/cjs/loader.js:1024:19)
    at Module.require (pkg/prelude/bootstrap.js:1225:31)
    at require (internal/modules/cjs/helpers.js:72:18)
    at Object.<anonymous> (/Users/bagui/.cache/firebase/tools/lib/node_modules/firebase-tools/lib/commands/login.js:20:14)
    at Module._compile (internal/modules/cjs/loader.js:1136:30)
    at Module._compile (pkg/prelude/bootstrap.js:1281:32)
    at Object.Module._extensions..js (internal/modules/cjs/loader.js:1156:10)
    at Module.load (internal/modules/cjs/loader.js:984:32)
    at Function.Module._load (internal/modules/cjs/loader.js:877:14)
    at Module.require (internal/modules/cjs/loader.js:1024:19)
[error] 
[error] Error: Failed to get Firebase project baguisocial-a0831. Please make sure the project exists and your account has permission to access it.
